############################################################
IMPACT PROBABILITY AT EVENT ZERO
Monte Carlo Implementation of Collision Probability Analysis
############################################################

Creating debris cloud...
Parent mass: 10000 kg
Parent radius: 1000 m
Hit distance threshold: 1.0 m

Cloud created in 12.31 seconds
Total fragments: 804,001
Cloud radius: 1100.64 m 

Fragment distribution (inside cloud radius only):
  Small fragments (< 8 cm):  803,972 (99.996%)
  Medium fragments (8-11 cm): 29 (0.004%)
  Large fragments (> 11 cm):  0 (0.000%)

############################################################
MONTE CARLO IMPACT PROBABILITY CALCULATION
############################################################

1. Standard Monte Carlo Estimation:
Starting Monte Carlo simulation with 10000 trials...        
Using 40,200 sampled fragments (5.0% of total)
Trial 0/10000 (0.0%) - ETA: 0.0s
Trial 1000/10000 (10.0%) - ETA: 26.8s
Trial 2000/10000 (20.0%) - ETA: 23.4s
Trial 3000/10000 (30.0%) - ETA: 20.4s
Trial 4000/10000 (40.0%) - ETA: 17.3s
Trial 5000/10000 (50.0%) - ETA: 14.4s
Trial 6000/10000 (60.0%) - ETA: 11.5s
Trial 7000/10000 (70.0%) - ETA: 8.6s
Trial 8000/10000 (80.0%) - ETA: 5.7s
Trial 9000/10000 (90.0%) - ETA: 2.9s

Results:
  Impact Probability: 0.006200
  Hits: 62 out of 10,000 trials
  Fragments Used: 40,200 (5.0% of total)
  95% Confidence Interval: [0.004840, 0.007939]
  Standard Error: 0.000785
  Computation Time: 28.57 seconds

2. Adaptive Monte Carlo with Sequential Refinement:
Starting adaptive Monte Carlo with target precision 5.0%...
Starting Monte Carlo simulation with 1000 trials...
Using 80,400 sampled fragments (10.0% of total)
Trial 0/1000 (0.0%) - ETA: 0.0s
Adding 5000 more trials...
Starting Monte Carlo simulation with 5000 trials...
Using 80,400 sampled fragments (10.0% of total)
Trial 0/5000 (0.0%) - ETA: 0.0s
Trial 1000/5000 (20.0%) - ETA: 18.5s
Trial 2000/5000 (40.0%) - ETA: 14.6s
Trial 3000/5000 (60.0%) - ETA: 10.0s
Trial 4000/5000 (80.0%) - ETA: 5.0s
Adding 5000 more trials...
Starting Monte Carlo simulation with 5000 trials...
Using 80,400 sampled fragments (10.0% of total)
Trial 0/5000 (0.0%) - ETA: 0.0s
Trial 1000/5000 (20.0%) - ETA: 18.7s
Trial 2000/5000 (40.0%) - ETA: 14.1s
Trial 3000/5000 (60.0%) - ETA: 9.4s
Trial 4000/5000 (80.0%) - ETA: 6.0s
Adding 5000 more trials...
Starting Monte Carlo simulation with 5000 trials...
Using 80,400 sampled fragments (10.0% of total)
Trial 0/5000 (0.0%) - ETA: 0.0s
Trial 1000/5000 (20.0%) - ETA: 59.3s
Trial 2000/5000 (40.0%) - ETA: 42.9s
Trial 3000/5000 (60.0%) - ETA: 26.3s
Trial 4000/5000 (80.0%) - ETA: 13.7s
Adding 5000 more trials...
Starting Monte Carlo simulation with 5000 trials...
Using 80,400 sampled fragments (10.0% of total)
Trial 0/5000 (0.0%) - ETA: 0.0s
Trial 1000/5000 (20.0%) - ETA: 40.6s
Trial 2000/5000 (40.0%) - ETA: 36.0s
Trial 3000/5000 (60.0%) - ETA: 24.4s
Trial 4000/5000 (80.0%) - ETA: 11.7s
Adding 5000 more trials...
Starting Monte Carlo simulation with 5000 trials...
Using 80,400 sampled fragments (10.0% of total)
Trial 0/5000 (0.0%) - ETA: 0.0s
Trial 1000/5000 (20.0%) - ETA: 48.0s
Trial 2000/5000 (40.0%) - ETA: 36.4s
Trial 3000/5000 (60.0%) - ETA: 23.2s
Trial 4000/5000 (80.0%) - ETA: 11.5s
Adding 5000 more trials...
Starting Monte Carlo simulation with 5000 trials...
Using 80,400 sampled fragments (10.0% of total)
Trial 0/5000 (0.0%) - ETA: 0.0s
Trial 1000/5000 (20.0%) - ETA: 46.9s
Trial 2000/5000 (40.0%) - ETA: 37.3s
Trial 3000/5000 (60.0%) - ETA: 24.1s
Trial 4000/5000 (80.0%) - ETA: 12.0s
Adding 5000 more trials...
Starting Monte Carlo simulation with 5000 trials...
Using 80,400 sampled fragments (10.0% of total)
Trial 0/5000 (0.0%) - ETA: 0.0s
Trial 1000/5000 (20.0%) - ETA: 43.3s
Trial 2000/5000 (40.0%) - ETA: 35.6s
Trial 3000/5000 (60.0%) - ETA: 25.6s
Trial 4000/5000 (80.0%) - ETA: 12.7s
Adding 5000 more trials...
Starting Monte Carlo simulation with 5000 trials...
Using 80,400 sampled fragments (10.0% of total)
Trial 0/5000 (0.0%) - ETA: 0.0s
Trial 1000/5000 (20.0%) - ETA: 47.3s
Trial 2000/5000 (40.0%) - ETA: 33.7s
Trial 3000/5000 (60.0%) - ETA: 22.9s
Trial 4000/5000 (80.0%) - ETA: 11.6s
Adding 5000 more trials...
Starting Monte Carlo simulation with 5000 trials...
Using 80,400 sampled fragments (10.0% of total)
Trial 0/5000 (0.0%) - ETA: 0.0s
Trial 1000/5000 (20.0%) - ETA: 53.9s
Trial 2000/5000 (40.0%) - ETA: 42.5s
Trial 3000/5000 (60.0%) - ETA: 26.1s
Trial 4000/5000 (80.0%) - ETA: 13.1s
Adding 5000 more trials...
Starting Monte Carlo simulation with 5000 trials...
Using 80,400 sampled fragments (10.0% of total)
Trial 0/5000 (0.0%) - ETA: 0.0s
Trial 1000/5000 (20.0%) - ETA: 19.6s
Trial 2000/5000 (40.0%) - ETA: 14.8s
Trial 3000/5000 (60.0%) - ETA: 9.6s
Trial 4000/5000 (80.0%) - ETA: 4.7s
Adding 5000 more trials...
Starting Monte Carlo simulation with 5000 trials...
Using 80,400 sampled fragments (10.0% of total)
Trial 0/5000 (0.0%) - ETA: 0.0s
Trial 1000/5000 (20.0%) - ETA: 30.3s
Trial 2000/5000 (40.0%) - ETA: 33.5s
Trial 3000/5000 (60.0%) - ETA: 23.5s
Trial 4000/5000 (80.0%) - ETA: 10.8s
Adding 5000 more trials...
Starting Monte Carlo simulation with 5000 trials...
Using 80,400 sampled fragments (10.0% of total)
Trial 0/5000 (0.0%) - ETA: 0.0s
Trial 1000/5000 (20.0%) - ETA: 59.4s
Trial 2000/5000 (40.0%) - ETA: 37.7s
Trial 3000/5000 (60.0%) - ETA: 26.0s
Trial 4000/5000 (80.0%) - ETA: 13.2s
Adding 5000 more trials...
Starting Monte Carlo simulation with 5000 trials...
Using 80,400 sampled fragments (10.0% of total)
Trial 0/5000 (0.0%) - ETA: 0.0s
Trial 1000/5000 (20.0%) - ETA: 54.4s
Trial 2000/5000 (40.0%) - ETA: 38.2s
Trial 3000/5000 (60.0%) - ETA: 24.7s
Trial 4000/5000 (80.0%) - ETA: 12.3s
Adding 5000 more trials...
Starting Monte Carlo simulation with 5000 trials...
Using 80,400 sampled fragments (10.0% of total)
Trial 0/5000 (0.0%) - ETA: 0.0s
Trial 1000/5000 (20.0%) - ETA: 46.0s
Trial 2000/5000 (40.0%) - ETA: 34.8s
Trial 3000/5000 (60.0%) - ETA: 25.0s
Trial 4000/5000 (80.0%) - ETA: 12.4s
Adding 5000 more trials...
Starting Monte Carlo simulation with 5000 trials...
Using 80,400 sampled fragments (10.0% of total)
Trial 0/5000 (0.0%) - ETA: 0.0s
Trial 1000/5000 (20.0%) - ETA: 56.6s
Trial 2000/5000 (40.0%) - ETA: 39.7s
Trial 3000/5000 (60.0%) - ETA: 26.3s
Trial 4000/5000 (80.0%) - ETA: 12.8s
Adding 5000 more trials...
Starting Monte Carlo simulation with 5000 trials...
Using 80,400 sampled fragments (10.0% of total)
Trial 0/5000 (0.0%) - ETA: 0.0s
Trial 1000/5000 (20.0%) - ETA: 42.9s
Trial 2000/5000 (40.0%) - ETA: 31.8s
Trial 3000/5000 (60.0%) - ETA: 17.2s
Trial 4000/5000 (80.0%) - ETA: 7.6s
Adding 5000 more trials...
Starting Monte Carlo simulation with 5000 trials...
Using 80,400 sampled fragments (10.0% of total)
Trial 0/5000 (0.0%) - ETA: 0.0s
Trial 1000/5000 (20.0%) - ETA: 23.5s
Trial 2000/5000 (40.0%) - ETA: 25.8s
Trial 3000/5000 (60.0%) - ETA: 21.2s
Trial 4000/5000 (80.0%) - ETA: 9.9s
Adding 5000 more trials...
Starting Monte Carlo simulation with 5000 trials...
Using 80,400 sampled fragments (10.0% of total)
Trial 0/5000 (0.0%) - ETA: 0.0s
Trial 1000/5000 (20.0%) - ETA: 17.8s
Trial 2000/5000 (40.0%) - ETA: 13.3s
Trial 3000/5000 (60.0%) - ETA: 8.9s
Trial 4000/5000 (80.0%) - ETA: 4.5s
Adding 5000 more trials...
Starting Monte Carlo simulation with 5000 trials...
Using 80,400 sampled fragments (10.0% of total)
Trial 0/5000 (0.0%) - ETA: 0.0s
Trial 1000/5000 (20.0%) - ETA: 18.7s
Trial 2000/5000 (40.0%) - ETA: 13.9s
Trial 3000/5000 (60.0%) - ETA: 10.2s
Trial 4000/5000 (80.0%) - ETA: 5.6s
Adding 5000 more trials...
Starting Monte Carlo simulation with 5000 trials...
Using 80,400 sampled fragments (10.0% of total)
Trial 0/5000 (0.0%) - ETA: 0.0s
Trial 1000/5000 (20.0%) - ETA: 20.4s
Trial 2000/5000 (40.0%) - ETA: 14.9s
Trial 3000/5000 (60.0%) - ETA: 15.3s
Trial 4000/5000 (80.0%) - ETA: 8.4s

Adaptive Results:
  Impact Probability: 0.013604
  Hits: 1,374 out of 101,000 trials
  95% Confidence Interval: [0.012908, 0.014337]
  Total Computation Time: 4.29 seconds

3. Sensitivity Analysis - Different Hit Distances:
Starting Monte Carlo simulation with 5000 trials...
Using 80,400 sampled fragments (10.0% of total)
Trial 0/5000 (0.0%) - ETA: 0.0s
Trial 1000/5000 (20.0%) - ETA: 19.2s
Trial 2000/5000 (40.0%) - ETA: 14.4s
Trial 3000/5000 (60.0%) - ETA: 10.0s
Trial 4000/5000 (80.0%) - ETA: 5.2s
  Hit distance 0.5 m: P = 0.004200 ± 0.000915
Starting Monte Carlo simulation with 5000 trials...
Using 80,400 sampled fragments (10.0% of total)
Trial 0/5000 (0.0%) - ETA: 0.0s
Trial 1000/5000 (20.0%) - ETA: 33.1s
Trial 2000/5000 (40.0%) - ETA: 21.1s
Trial 3000/5000 (60.0%) - ETA: 12.7s
Trial 4000/5000 (80.0%) - ETA: 5.9s
  Hit distance 1.0 m: P = 0.012200 ± 0.001552
Starting Monte Carlo simulation with 5000 trials...
Using 80,400 sampled fragments (10.0% of total)
Trial 0/5000 (0.0%) - ETA: 0.0s
Trial 1000/5000 (20.0%) - ETA: 19.2s
Trial 2000/5000 (40.0%) - ETA: 14.3s
Trial 3000/5000 (60.0%) - ETA: 9.5s
Trial 4000/5000 (80.0%) - ETA: 4.8s
  Hit distance 2.0 m: P = 0.051600 ± 0.003128
Starting Monte Carlo simulation with 5000 trials...
Using 80,400 sampled fragments (10.0% of total)
Trial 0/5000 (0.0%) - ETA: 0.0s
Trial 1000/5000 (20.0%) - ETA: 18.5s
Trial 2000/5000 (40.0%) - ETA: 13.7s
Trial 3000/5000 (60.0%) - ETA: 9.0s
Trial 4000/5000 (80.0%) - ETA: 4.4s
  Hit distance 5.0 m: P = 0.263200 ± 0.006228

############################################################
ANALYSIS COMPLETE
############################################################
